<?xml version="1.0" encoding="UTF-8"?>
<testsuite name="jTest" tests="2" skipped="0" failures="0" errors="0" timestamp="2015-05-14T07:02:51" hostname="H109622" time="0.004">
  <properties/>
  <testcase name="test1" classname="jTest" time="0.004"/>
  <testcase name="test2" classname="jTest" time="0.0"/>
  <system-out><![CDATA[]]></system-out>
  <system-err><![CDATA[]]></system-err>
</testsuite>
